<?xml version="1.0" encoding="UTF-8"?>
<!-- Generated by org.testng.reporters.JUnitReportReporter -->
<testsuite hostname="DESKTOP-RI9GKG4" failures="0" tests="1" name="Test_Script.Test_ValidationPersonalizationFunction" time="615.490" errors="0" timestamp="2023-12-30T12:04:56 IST" skipped="0">
  <testcase classname="Test_Script.Test_ValidationPersonalizationFunction" name="customize_field_validation" time="615.490"/>
  <system-out/>
</testsuite> <!-- Test_Script.Test_ValidationPersonalizationFunction -->
