<?xml version="1.0" encoding="UTF-8"?>
<!-- Generated by org.testng.reporters.JUnitReportReporter -->
<testsuite hostname="DESKTOP-RI9GKG4" failures="0" tests="1" name="Test_Script.Test_ValidationPersonalizationFunction" time="22.127" errors="0" timestamp="2024-01-03T12:56:18 IST" skipped="0">
  <testcase classname="Test_Script.Test_ValidationPersonalizationFunction" name="customize_field_validation" time="22.127"/>
  <system-out/>
</testsuite> <!-- Test_Script.Test_ValidationPersonalizationFunction -->
